Release 14.7 - xst P.20131013 (nt64)
Copyright (c) 1995-2013 Xilinx, Inc.  All rights reserved.
--> Parameter TMPDIR set to xst/projnav.tmp


Total REAL time to Xst completion: 0.00 secs
Total CPU time to Xst completion: 0.18 secs
 
--> Parameter xsthdpdir set to xst


Total REAL time to Xst completion: 0.00 secs
Total CPU time to Xst completion: 0.18 secs
 
--> Reading design: ram_code.prj

TABLE OF CONTENTS
  1) Synthesis Options Summary
  2) HDL Parsing
  3) HDL Elaboration
  4) HDL Synthesis
       4.1) HDL Synthesis Report
  5) Advanced HDL Synthesis
       5.1) Advanced HDL Synthesis Report
  6) Low Level Synthesis
  7) Partition Report
  8) Design Summary
       8.1) Primitive and Black Box Usage
       8.2) Device utilization summary
       8.3) Partition Resource Summary
       8.4) Timing Report
            8.4.1) Clock Information
            8.4.2) Asynchronous Control Signals Information
            8.4.3) Timing Summary
            8.4.4) Timing Details
            8.4.5) Cross Clock Domains Report


=========================================================================
*                      Synthesis Options Summary                        *
=========================================================================
---- Source Parameters
Input File Name                    : "ram_code.prj"
Ignore Synthesis Constraint File   : NO

---- Target Parameters
Output File Name                   : "ram_code"
Output Format                      : NGC
Target Device                      : xc7a100t-3-csg324

---- Source Options
Top Module Name                    : ram_code
Automatic FSM Extraction           : YES
FSM Encoding Algorithm             : Auto
Safe Implementation                : No
FSM Style                          : LUT
RAM Extraction                     : Yes
RAM Style                          : Auto
ROM Extraction                     : Yes
Shift Register Extraction          : YES
ROM Style                          : Auto
Resource Sharing                   : YES
Asynchronous To Synchronous        : NO
Shift Register Minimum Size        : 2
Use DSP Block                      : Auto
Automatic Register Balancing       : No

---- Target Options
LUT Combining                      : Auto
Reduce Control Sets                : Auto
Add IO Buffers                     : YES
Global Maximum Fanout              : 100000
Add Generic Clock Buffer(BUFG)     : 32
Register Duplication               : YES
Optimize Instantiated Primitives   : NO
Use Clock Enable                   : Auto
Use Synchronous Set                : Auto
Use Synchronous Reset              : Auto
Pack IO Registers into IOBs        : Auto
Equivalent register Removal        : YES

---- General Options
Optimization Goal                  : Speed
Optimization Effort                : 1
Power Reduction                    : NO
Keep Hierarchy                     : No
Netlist Hierarchy                  : As_Optimized
RTL Output                         : Yes
Global Optimization                : AllClockNets
Read Cores                         : YES
Write Timing Constraints           : NO
Cross Clock Analysis               : NO
Hierarchy Separator                : /
Bus Delimiter                      : <>
Case Specifier                     : Maintain
Slice Utilization Ratio            : 100
BRAM Utilization Ratio             : 100
DSP48 Utilization Ratio            : 100
Auto BRAM Packing                  : NO
Slice Utilization Ratio Delta      : 5

=========================================================================


=========================================================================
*                          HDL Parsing                                  *
=========================================================================
Parsing VHDL file "D:\ISE Projects\az7\ram_code.vhd" into library work
Parsing entity <ram_code>.
Parsing architecture <arch> of entity <ram_code>.

=========================================================================
*                            HDL Elaboration                            *
=========================================================================

Elaborating entity <ram_code> (architecture <arch>) with generics from library <work>.

=========================================================================
*                           HDL Synthesis                               *
=========================================================================

Synthesizing Unit <ram_code>.
    Related source file is "D:\ISE Projects\az7\ram_code.vhd".
        w = 4
        d = 8
        c = 3
    Found 4-bit register for signal <mem_1<2>>.
    Found 4-bit register for signal <mem_1<3>>.
    Found 4-bit register for signal <mem_1<4>>.
    Found 4-bit register for signal <mem_1<5>>.
    Found 4-bit register for signal <mem_1<6>>.
    Found 4-bit register for signal <mem_1<7>>.
    Found 4-bit register for signal <mem_1<0>>.
    Found 4-bit register for signal <mem_1<1>>.
    Found 4-bit register for signal <data>.
    Found 4-bit 8-to-1 multiplexer for signal <addr[2]_mem_1[7][3]_wide_mux_9_OUT> created at line 43.
    Summary:
	inferred  36 D-type flip-flop(s).
	inferred   1 Multiplexer(s).
Unit <ram_code> synthesized.

=========================================================================
HDL Synthesis Report

Macro Statistics
# Registers                                            : 9
 4-bit register                                        : 9
# Multiplexers                                         : 1
 4-bit 8-to-1 multiplexer                              : 1

=========================================================================

=========================================================================
*                       Advanced HDL Synthesis                          *
=========================================================================


=========================================================================
Advanced HDL Synthesis Report

Macro Statistics
# Registers                                            : 36
 Flip-Flops                                            : 36
# Multiplexers                                         : 1
 4-bit 8-to-1 multiplexer                              : 1

=========================================================================

=========================================================================
*                         Low Level Synthesis                           *
=========================================================================

Optimizing unit <ram_code> ...
WARNING:Xst:1710 - FF/Latch <mem_1_4_3> (without init value) has a constant value of 0 in block <ram_code>. This FF/Latch will be trimmed during the optimization process.
WARNING:Xst:1895 - Due to other FF/Latch trimming, FF/Latch <mem_1_3_3> (without init value) has a constant value of 0 in block <ram_code>. This FF/Latch will be trimmed during the optimization process.
WARNING:Xst:1895 - Due to other FF/Latch trimming, FF/Latch <mem_1_5_3> (without init value) has a constant value of 0 in block <ram_code>. This FF/Latch will be trimmed during the optimization process.
WARNING:Xst:1895 - Due to other FF/Latch trimming, FF/Latch <mem_1_6_3> (without init value) has a constant value of 0 in block <ram_code>. This FF/Latch will be trimmed during the optimization process.
WARNING:Xst:1895 - Due to other FF/Latch trimming, FF/Latch <mem_1_1_3> (without init value) has a constant value of 0 in block <ram_code>. This FF/Latch will be trimmed during the optimization process.
WARNING:Xst:1895 - Due to other FF/Latch trimming, FF/Latch <mem_1_7_3> (without init value) has a constant value of 0 in block <ram_code>. This FF/Latch will be trimmed during the optimization process.
WARNING:Xst:1895 - Due to other FF/Latch trimming, FF/Latch <mem_1_0_3> (without init value) has a constant value of 0 in block <ram_code>. This FF/Latch will be trimmed during the optimization process.
WARNING:Xst:1895 - Due to other FF/Latch trimming, FF/Latch <mem_1_2_3> (without init value) has a constant value of 0 in block <ram_code>. This FF/Latch will be trimmed during the optimization process.
WARNING:Xst:1895 - Due to other FF/Latch trimming, FF/Latch <data_3> (without init value) has a constant value of 0 in block <ram_code>. This FF/Latch will be trimmed during the optimization process.

Mapping all equations...
Building and optimizing final netlist ...
Found area constraint ratio of 100 (+ 5) on block ram_code, actual ratio is 0.

Final Macro Processing ...

=========================================================================
Final Register Report

Macro Statistics
# Registers                                            : 27
 Flip-Flops                                            : 27

=========================================================================

=========================================================================
*                           Partition Report                            *
=========================================================================

Partition Implementation Status
-------------------------------

  No Partitions were found in this design.

-------------------------------

=========================================================================
*                            Design Summary                             *
=========================================================================

Top Level Output File Name         : ram_code.ngc

Primitive and Black Box Usage:
------------------------------
# BELS                             : 20
#      GND                         : 1
#      INV                         : 1
#      LUT3                        : 1
#      LUT4                        : 8
#      LUT6                        : 6
#      MUXF7                       : 3
# FlipFlops/Latches                : 27
#      FDCE                        : 12
#      FDE                         : 3
#      FDPE                        : 12
# Clock Buffers                    : 1
#      BUFGP                       : 1
# IO Buffers                       : 10
#      IBUF                        : 6
#      OBUF                        : 4

Device utilization summary:
---------------------------

Selected Device : 7a100tcsg324-3 


Slice Logic Utilization: 
 Number of Slice Registers:              27  out of  126800     0%  
 Number of Slice LUTs:                   16  out of  63400     0%  
    Number used as Logic:                16  out of  63400     0%  

Slice Logic Distribution: 
 Number of LUT Flip Flop pairs used:     32
   Number with an unused Flip Flop:       5  out of     32    15%  
   Number with an unused LUT:            16  out of     32    50%  
   Number of fully used LUT-FF pairs:    11  out of     32    34%  
   Number of unique control sets:         9

IO Utilization: 
 Number of IOs:                          11
 Number of bonded IOBs:                  11  out of    210     5%  

Specific Feature Utilization:
 Number of BUFG/BUFGCTRLs:                1  out of     32     3%  

---------------------------
Partition Resource Summary:
---------------------------

  No Partitions were found in this design.

---------------------------


=========================================================================
Timing Report

NOTE: THESE TIMING NUMBERS ARE ONLY A SYNTHESIS ESTIMATE.
      FOR ACCURATE TIMING INFORMATION PLEASE REFER TO THE TRACE REPORT
      GENERATED AFTER PLACE-and-ROUTE.

Clock Information:
------------------
-----------------------------------+------------------------+-------+
Clock Signal                       | Clock buffer(FF name)  | Load  |
-----------------------------------+------------------------+-------+
clk                                | BUFGP                  | 27    |
-----------------------------------+------------------------+-------+

Asynchronous Control Signals Information:
----------------------------------------
No asynchronous control signals found in this design

Timing Summary:
---------------
Speed Grade: -3

   Minimum period: 1.301ns (Maximum Frequency: 768.462MHz)
   Minimum input arrival time before clock: 1.138ns
   Maximum output required time after clock: 0.677ns
   Maximum combinational path delay: No path found

Timing Details:
---------------
All values displayed in nanoseconds (ns)

=========================================================================
Timing constraint: Default period analysis for Clock 'clk'
  Clock period: 1.301ns (frequency: 768.462MHz)
  Total number of paths / destination ports: 48 / 27
-------------------------------------------------------------------------
Delay:               1.301ns (Levels of Logic = 2)
  Source:            mem_1_6_0 (FF)
  Destination:       data_0 (FF)
  Source Clock:      clk rising
  Destination Clock: clk rising

  Data Path: mem_1_6_0 to data_0
                                Gate     Net
    Cell:in->out      fanout   Delay   Delay  Logical Name (Net Name)
    ----------------------------------------  ------------
     FDCE:C->Q             1   0.361   0.556  mem_1_6_0 (mem_1_6_0)
     LUT6:I2->O            1   0.097   0.000  Mmux_addr[2]_mem_1[7][3]_wide_mux_9_OUT_3 (Mmux_addr[2]_mem_1[7][3]_wide_mux_9_OUT_3)
     MUXF7:I1->O           1   0.279   0.000  Mmux_addr[2]_mem_1[7][3]_wide_mux_9_OUT_2_f7 (addr[2]_mem_1[7][3]_wide_mux_9_OUT<0>)
     FDE:D                     0.008          data_0
    ----------------------------------------
    Total                      1.301ns (0.745ns logic, 0.556ns route)
                                       (57.3% logic, 42.7% route)

=========================================================================
Timing constraint: Default OFFSET IN BEFORE for Clock 'clk'
  Total number of paths / destination ports: 144 / 54
-------------------------------------------------------------------------
Offset:              1.138ns (Levels of Logic = 3)
  Source:            addr<1> (PAD)
  Destination:       data_0 (FF)
  Destination Clock: clk rising

  Data Path: addr<1> to data_0
                                Gate     Net
    Cell:in->out      fanout   Delay   Delay  Logical Name (Net Name)
    ----------------------------------------  ------------
     IBUF:I->O            14   0.001   0.753  addr_1_IBUF (addr_1_IBUF)
     LUT6:I0->O            1   0.097   0.000  Mmux_addr[2]_mem_1[7][3]_wide_mux_9_OUT_3 (Mmux_addr[2]_mem_1[7][3]_wide_mux_9_OUT_3)
     MUXF7:I1->O           1   0.279   0.000  Mmux_addr[2]_mem_1[7][3]_wide_mux_9_OUT_2_f7 (addr[2]_mem_1[7][3]_wide_mux_9_OUT<0>)
     FDE:D                     0.008          data_0
    ----------------------------------------
    Total                      1.138ns (0.385ns logic, 0.753ns route)
                                       (33.8% logic, 66.2% route)

=========================================================================
Timing constraint: Default OFFSET OUT AFTER for Clock 'clk'
  Total number of paths / destination ports: 3 / 3
-------------------------------------------------------------------------
Offset:              0.677ns (Levels of Logic = 1)
  Source:            data_2 (FF)
  Destination:       data<2> (PAD)
  Source Clock:      clk rising

  Data Path: data_2 to data<2>
                                Gate     Net
    Cell:in->out      fanout   Delay   Delay  Logical Name (Net Name)
    ----------------------------------------  ------------
     FDE:C->Q              9   0.361   0.316  data_2 (data_2)
     OBUF:I->O                 0.000          data_2_OBUF (data<2>)
    ----------------------------------------
    Total                      0.677ns (0.361ns logic, 0.316ns route)
                                       (53.3% logic, 46.7% route)

=========================================================================

Cross Clock Domains Report:
--------------------------

Clock to Setup on destination clock clk
---------------+---------+---------+---------+---------+
               | Src:Rise| Src:Fall| Src:Rise| Src:Fall|
Source Clock   |Dest:Rise|Dest:Rise|Dest:Fall|Dest:Fall|
---------------+---------+---------+---------+---------+
clk            |    1.301|         |         |         |
---------------+---------+---------+---------+---------+

=========================================================================


Total REAL time to Xst completion: 12.00 secs
Total CPU time to Xst completion: 11.90 secs
 
--> 

Total memory usage is 4690636 kilobytes

Number of errors   :    0 (   0 filtered)
Number of warnings :    9 (   0 filtered)
Number of infos    :    0 (   0 filtered)

